<?xml version="1.0" encoding="UTF-8"?>
<!-- Generated by org.testng.reporters.JUnitReportReporter -->
<testsuite skipped="0" hostname="IBM029-PC0D6U4Z" name="com.training.sanity.tests.UFM032" tests="2" failures="0" timestamp="24 Jun 2019 07:45:30 GMT" time="51.540" errors="0">
  <testcase name="addtocart" time="48.364" classname="com.training.sanity.tests.UFM032"/>
  <testcase name="checkout" time="3.176" classname="com.training.sanity.tests.UFM032"/>
</testsuite> <!-- com.training.sanity.tests.UFM032 -->
