<?xml version="1.0" encoding="UTF-8"?>
<!-- Generated by org.testng.reporters.JUnitReportReporter -->
<testsuite skipped="0" hostname="IBM029-PC0D6U4Z" name="com.training.sanity.tests.uniform" tests="2" failures="0" timestamp="18 Jun 2019 12:05:49 GMT" time="8.832" errors="0">
  <testcase name="validLoginTest" time="6.978" classname="com.training.sanity.tests.uniform"/>
  <testcase name="registrationpass" time="1.854" classname="com.training.sanity.tests.uniform"/>
</testsuite> <!-- com.training.sanity.tests.uniform -->
