<?xml version="1.0" encoding="UTF-8"?>
<!-- Generated by org.testng.reporters.JUnitReportReporter -->
<testsuite skipped="0" hostname="IBM029-PC0D6U4Z" name="com.training.sanity.tests.UFM003recoverpass" tests="2" failures="0" timestamp="20 Jun 2019 06:57:08 GMT" time="9.492" errors="0">
  <testcase name="validLoginTest" time="6.405" classname="com.training.sanity.tests.UFM003recoverpass"/>
  <testcase name="forgotpasswordTest" time="3.087" classname="com.training.sanity.tests.UFM003recoverpass"/>
</testsuite> <!-- com.training.sanity.tests.UFM003recoverpass -->
